El Grinch: Un siniestro cuento de Navidad (2022)
http://vod.tuxchannel.mx/peliculas/720/the%20mean%20one%202022.mkv
El hijo (2022)
http://vod.tuxchannel.mx/peliculas/720/the%20son%202022.mkv
El hombre de dios (2022)
http://158.69.158.102/Peliculas/Listo/The.Man.of.God.2022.720p.mp4
Eso es amor (2022)
http://vod.tuxchannel.mx/peliculas/720/thats%20amor%202022.mkv
espejo (2022)
http://vod.tuxchannel.mx/peliculas/720/espejo%20espejo%202022.mkv
Final del camino (2022)
http://vod.tuxchannel.mx/peliculas/720/end%20of%20the%20road%202022.mkv
Fuera de pista 1 (2022)
http://vod.tuxchannel.mx/peliculas/720/ur%20spar%202022.mkv
Guardianes de la galaxia: Especial de navidad (2022)
http://vod.tuxchannel.mx/peliculas/720/the%20guardians%20of%20the%20galaxy%20holiday%20special%202022.mkv
Halloween 13: La noche final (2022)
http://vod.tuxchannel.mx/peliculas/720/halloween%20ends%202022.mkv
Hasta nunca (2022)
http://vod.tuxchannel.mx/peliculas/720/good%20mourning%202022.mkv
Jornada al infierno (2022)
http://vod.tuxchannel.mx/peliculas/720/butchers%20crossing%202023.mkv
Jujutsu Kaisen 0 (2022)
http://vod.tuxchannel.mx/peliculas/720/gekijouban%20jujutsu%20kaisen%200%202021.mkv
La bestia: Secretos oscuros (2022)
http://vod.tuxchannel.mx/peliculas/720/beast%202022.mkv
La bruja: Parte 2 (2022) 1080p
https://innovatv.store/contenido/PELICULAS/The%20Witch%20Part%202/La%20bruja%20La%20cacer%c3%ada%20Part%202%20(2022)%20WEB-DL%201080p%20Latino.mp4
La casa Belleville (2022)
http://vod.tuxchannel.mx/peliculas/720/master%202022.mkv
La casa sobre el pantano (2022)
http://vod.tuxchannel.mx/peliculas/720/a%20house%20on%20the%20bayou%202021.mkv
La era del hielo 6 (2022)
http://vod.tuxchannel.mx/peliculas/720/the%20ice%20age%20adventures%20of%20buck%20wild%202022.mkv
La farsa (2022)
http://vod.tuxchannel.mx/peliculas/720/mascarade%202022.mkv
La hija del prisionero (2022)
http://vod.tuxchannel.mx/peliculas/720/prisoners%20daughter%202022.mkv